  Application.cpp
c:\users\usuario\desktop\physics3d_class5 - solution\moduleplayer.h(38): warning C4305: 'inicializando': truncamiento de 'double' a 'float'
c:\users\usuario\desktop\physics3d_class5 - solution\modulesceneintro.h(74): warning C4244: 'argumento': conversión de 'int' a 'float'; posible pérdida de datos
c:\users\usuario\desktop\physics3d_class5 - solution\modulesceneintro.h(75): warning C4244: 'argumento': conversión de 'int' a 'float'; posible pérdida de datos
  Color.cpp
  glmath.cpp
c:\users\usuario\desktop\physics3d_class5 - solution\glmath.cpp(12): warning C4244: 'return': conversión de 'double' a 'float'; posible pérdida de datos
c:\users\usuario\desktop\physics3d_class5 - solution\glmath.cpp(27): warning C4244: 'argumento': conversión de 'double' a 'float'; posible pérdida de datos
c:\users\usuario\desktop\physics3d_class5 - solution\glmath.cpp(43): warning C4244: 'argumento': conversión de 'double' a 'float'; posible pérdida de datos
c:\users\usuario\desktop\physics3d_class5 - solution\glmath.cpp(53): warning C4244: 'inicializando': conversión de 'double' a 'float'; posible pérdida de datos
c:\users\usuario\desktop\physics3d_class5 - solution\glmath.cpp(72): warning C4244: 'return': conversión de 'double' a 'float'; posible pérdida de datos
c:\users\usuario\desktop\physics3d_class5 - solution\glmath.cpp(87): warning C4244: 'argumento': conversión de 'double' a 'float'; posible pérdida de datos
c:\users\usuario\desktop\physics3d_class5 - solution\glmath.cpp(103): warning C4244: 'argumento': conversión de 'double' a 'float'; posible pérdida de datos
c:\users\usuario\desktop\physics3d_class5 - solution\glmath.cpp(600): warning C4244: 'inicializando': conversión de 'double' a 'float'; posible pérdida de datos
c:\users\usuario\desktop\physics3d_class5 - solution\glmath.cpp(618): warning C4244: 'inicializando': conversión de 'double' a 'float'; posible pérdida de datos
c:\users\usuario\desktop\physics3d_class5 - solution\glmath.cpp(758): warning C4244: 'inicializando': conversión de 'double' a 'float'; posible pérdida de datos
c:\users\usuario\desktop\physics3d_class5 - solution\glmath.cpp(778): warning C4244: 'inicializando': conversión de 'double' a 'float'; posible pérdida de datos
  Light.cpp
  log.cpp
  Main.cpp
c:\users\usuario\desktop\physics3d_class5 - solution\moduleplayer.h(38): warning C4305: 'inicializando': truncamiento de 'double' a 'float'
c:\users\usuario\desktop\physics3d_class5 - solution\modulesceneintro.h(74): warning C4244: 'argumento': conversión de 'int' a 'float'; posible pérdida de datos
c:\users\usuario\desktop\physics3d_class5 - solution\modulesceneintro.h(75): warning C4244: 'argumento': conversión de 'int' a 'float'; posible pérdida de datos
  ModuleAudio.cpp
c:\users\usuario\desktop\physics3d_class5 - solution\moduleplayer.h(38): warning C4305: 'inicializando': truncamiento de 'double' a 'float'
c:\users\usuario\desktop\physics3d_class5 - solution\modulesceneintro.h(74): warning C4244: 'argumento': conversión de 'int' a 'float'; posible pérdida de datos
c:\users\usuario\desktop\physics3d_class5 - solution\modulesceneintro.h(75): warning C4244: 'argumento': conversión de 'int' a 'float'; posible pérdida de datos
  ModuleCamera3D.cpp
c:\users\usuario\desktop\physics3d_class5 - solution\moduleplayer.h(38): warning C4305: 'inicializando': truncamiento de 'double' a 'float'
c:\users\usuario\desktop\physics3d_class5 - solution\modulesceneintro.h(74): warning C4244: 'argumento': conversión de 'int' a 'float'; posible pérdida de datos
c:\users\usuario\desktop\physics3d_class5 - solution\modulesceneintro.h(75): warning C4244: 'argumento': conversión de 'int' a 'float'; posible pérdida de datos
  ModuleInput.cpp
c:\users\usuario\desktop\physics3d_class5 - solution\moduleplayer.h(38): warning C4305: 'inicializando': truncamiento de 'double' a 'float'
c:\users\usuario\desktop\physics3d_class5 - solution\modulesceneintro.h(74): warning C4244: 'argumento': conversión de 'int' a 'float'; posible pérdida de datos
c:\users\usuario\desktop\physics3d_class5 - solution\modulesceneintro.h(75): warning C4244: 'argumento': conversión de 'int' a 'float'; posible pérdida de datos
  ModulePhysics3D.cpp
c:\users\usuario\desktop\physics3d_class5 - solution\moduleplayer.h(38): warning C4305: 'inicializando': truncamiento de 'double' a 'float'
c:\users\usuario\desktop\physics3d_class5 - solution\modulesceneintro.h(74): warning C4244: 'argumento': conversión de 'int' a 'float'; posible pérdida de datos
c:\users\usuario\desktop\physics3d_class5 - solution\modulesceneintro.h(75): warning C4244: 'argumento': conversión de 'int' a 'float'; posible pérdida de datos
  ModulePlayer.cpp
c:\users\usuario\desktop\physics3d_class5 - solution\moduleplayer.h(38): warning C4305: 'inicializando': truncamiento de 'double' a 'float'
c:\users\usuario\desktop\physics3d_class5 - solution\modulesceneintro.h(74): warning C4244: 'argumento': conversión de 'int' a 'float'; posible pérdida de datos
c:\users\usuario\desktop\physics3d_class5 - solution\modulesceneintro.h(75): warning C4244: 'argumento': conversión de 'int' a 'float'; posible pérdida de datos
c:\users\usuario\desktop\physics3d_class5 - solution\moduleplayer.cpp(279): warning C4554: "&": compruebe la prioridad de operador para posibles errores; utilice paréntesis para indicar la prioridad
c:\users\usuario\desktop\physics3d_class5 - solution\moduleplayer.cpp(334): warning C4305: 'argumento': truncamiento de 'double' a 'float'
c:\users\usuario\desktop\physics3d_class5 - solution\moduleplayer.cpp(340): warning C4305: 'argumento': truncamiento de 'double' a 'float'
  ModuleRenderer3D.cpp
c:\users\usuario\desktop\physics3d_class5 - solution\moduleplayer.h(38): warning C4305: 'inicializando': truncamiento de 'double' a 'float'
c:\users\usuario\desktop\physics3d_class5 - solution\modulesceneintro.h(74): warning C4244: 'argumento': conversión de 'int' a 'float'; posible pérdida de datos
c:\users\usuario\desktop\physics3d_class5 - solution\modulesceneintro.h(75): warning C4244: 'argumento': conversión de 'int' a 'float'; posible pérdida de datos
  ModuleSceneIntro.cpp
c:\users\usuario\desktop\physics3d_class5 - solution\moduleplayer.h(38): warning C4305: 'inicializando': truncamiento de 'double' a 'float'
c:\users\usuario\desktop\physics3d_class5 - solution\modulesceneintro.h(74): warning C4244: 'argumento': conversión de 'int' a 'float'; posible pérdida de datos
c:\users\usuario\desktop\physics3d_class5 - solution\modulesceneintro.h(75): warning C4244: 'argumento': conversión de 'int' a 'float'; posible pérdida de datos
c:\users\usuario\desktop\physics3d_class5 - solution\modulesceneintro.cpp(170): warning C4244: 'argumento': conversión de 'int' a 'float'; posible pérdida de datos
c:\users\usuario\desktop\physics3d_class5 - solution\modulesceneintro.cpp(177): warning C4244: 'argumento': conversión de 'int' a 'float'; posible pérdida de datos
c:\users\usuario\desktop\physics3d_class5 - solution\modulesceneintro.cpp(198): warning C4244: 'argumento': conversión de 'int' a 'float'; posible pérdida de datos
c:\users\usuario\desktop\physics3d_class5 - solution\modulesceneintro.cpp(218): warning C4244: 'argumento': conversión de 'int' a 'float'; posible pérdida de datos
c:\users\usuario\desktop\physics3d_class5 - solution\modulesceneintro.cpp(224): warning C4244: 'argumento': conversión de 'int' a 'float'; posible pérdida de datos
c:\users\usuario\desktop\physics3d_class5 - solution\modulesceneintro.cpp(252): warning C4244: 'argumento': conversión de 'double' a 'int'; posible pérdida de datos
c:\users\usuario\desktop\physics3d_class5 - solution\modulesceneintro.cpp(299): warning C4244: 'argumento': conversión de 'int' a 'float'; posible pérdida de datos
c:\users\usuario\desktop\physics3d_class5 - solution\modulesceneintro.cpp(334): warning C4244: 'argumento': conversión de 'int' a 'float'; posible pérdida de datos
c:\users\usuario\desktop\physics3d_class5 - solution\modulesceneintro.cpp(341): warning C4244: 'argumento': conversión de 'int' a 'float'; posible pérdida de datos
c:\users\usuario\desktop\physics3d_class5 - solution\modulesceneintro.cpp(363): warning C4244: 'argumento': conversión de 'int' a 'float'; posible pérdida de datos
c:\users\usuario\desktop\physics3d_class5 - solution\modulesceneintro.cpp(376): warning C4244: 'argumento': conversión de 'int' a 'float'; posible pérdida de datos
  ModuleWindow.cpp
c:\users\usuario\desktop\physics3d_class5 - solution\moduleplayer.h(38): warning C4305: 'inicializando': truncamiento de 'double' a 'float'
c:\users\usuario\desktop\physics3d_class5 - solution\modulesceneintro.h(74): warning C4244: 'argumento': conversión de 'int' a 'float'; posible pérdida de datos
c:\users\usuario\desktop\physics3d_class5 - solution\modulesceneintro.h(75): warning C4244: 'argumento': conversión de 'int' a 'float'; posible pérdida de datos
  PhysBody3D.cpp
  PhysVehicle3D.cpp
  Primitive.cpp
  Timer.cpp
  Generando código
  All 474 functions were compiled because no usable IPDB/IOBJ from previous compilation was found.
  Generación de código finalizada
  3D Physics.vcxproj -> C:\Users\Usuario\Desktop\Physics3D_class5 - solution\Release\3D Physics - class5.exe
